<component name="libraryTable">
  <library name="junit-4.8.2">
    <CLASSES>
      <root url="jar://$dep-home$/junit-4.8.2/junit-4.8.2.jar!/" />
    </CLASSES>
    <JAVADOC />
    <SOURCES>
      <root url="jar://$dep-home$/junit-4.8.2/junit-4.8.2-src.jar!/" />
    </SOURCES>
  </library>
</component>